[karb45@pc0069 TS99I-PS-IOC-01] (master)$ bin/linux-x86_64/opcuaIoc iocBoot/iocUaDemoServer/st-omron.cmd 
#!../../bin/linux-x86_64/opcuaIoc
## You may have to change opcuaIoc to something else
## everywhere it appears in this file
< iocBoot/iocUaDemoServer/envPaths
epicsEnvSet("IOC","iocUaDemoServer")
epicsEnvSet("TOP","/dls_sw/work/R7.0.7-5.3/ioc/TS/TS99I-PS-IOC-01")
epicsEnvSet("EPICS_BASE","/dls_sw/work/epics/R7.0.7")
cd "/dls_sw/work/R7.0.7-5.3/ioc/TS/TS99I-PS-IOC-01"
## Register all support components
dbLoadDatabase "dbd/opcuaIoc.dbd"
opcuaIoc_registerRecordDeviceDriver pdbbase
# Pretty minimal setup: one session with a 200ms subscription on top
#opcuaSession OPC1 opc.tcp://localhost:48010
#opcuaSession OPC1 opc.tcp://DIAMRD2882:48010
#opcuaSubscription SUB1 OPC1 200
# Alternative session for Omron PLC in G.13
opcuaSession OPC2 opc.tcp://172.23.243.75:4840
opcuaSubscription SUB2 OPC2 200
# Switch off security
#opcuaOptions OPC1 sec-mode=None
opcuaOptions OPC2 sec-mode=None
#opcuaOptions OPC2 sec-mode=SignAndEncrypt
#opcuaOptions OPC2 sec-mode=Sign
#opcuaOptions OPC2 sec-policy=Basic256Sha256
#opcuaOptions OPC2 sec-id=iocBoot/iocUaDemoServer/auth.txt
#opcuaSetupPKI /home/karb45/.config/unifiedautomation/uaexpert/PKI
# Load the databases for the UaServerCpp demo server
#dbLoadRecords "db/UaDemoServer-server.db", "P=OPC:,R=,SESS=OPC1,SUBS=SUB1"
#dbLoadRecords "db/Demo.Dynamic.Arrays.db", "P=OPC:,R=DDA:,SESS=OPC1,SUBS=SUB1"
#dbLoadRecords "db/Demo.Dynamic.Scalar.db", "P=OPC:,R=DDS:,SESS=OPC1,SUBS=SUB1"
#dbLoadRecords "db/Demo.Static.Arrays.db", "P=OPC:,R=DSA:,SESS=OPC1,SUBS=SUB1"
#dbLoadRecords "db/Demo.Static.Scalar.db", "P=OPC:,R=DSS:,SESS=OPC1,SUBS=SUB1"
#dbLoadRecords "db/Demo.WorkOrder.db", "P=OPC:,SESS=OPC1,SUBS=SUB1"
# DO NOT LOAD THESE DBs ON EPICS BASE < 7.0     \/  \/  \/     EPICS 7 ONLY
# int64 and long string records need EPICS 7
#dbLoadRecords "db/Demo.Dynamic.ScalarE7.db", "P=OPC:,R=DDS:,SESS=OPC1,SUBS=SUB1"
#dbLoadRecords "db/Demo.Dynamic.ArraysE7.db", "P=OPC:,R=DDA:,SESS=OPC1,SUBS=SUB1"
#dbLoadRecords "db/Demo.Static.ScalarE7.db", "P=OPC:,R=DSS:,SESS=OPC1,SUBS=SUB1"
#dbLoadRecords "db/Demo.Static.ArraysE7.db", "P=OPC:,R=DSA:,SESS=OPC1,SUBS=SUB1"
# Extra records for Omron PLC.
#dbLoadRecords "db/OmronServer.db", "P=OPC2:,R=,SESS=OPC2,SUBS=SUB2"
dbLoadRecords "db/Omron_DS.db", "P=OPC2:,R=DS:,SESS=OPC2,SUBS=SUB2"
iocInit
Starting iocInit
############################################################################
## EPICS R7.0.7
## Rev. R7.0.7-1-ge1a1b778e96b88c6b7dc-dirty
## Rev. Date Git: 2023-06-28 10:47:02 +0100
############################################################################
OPC UA Client Device Support 0.9.4 (-); using Unified Automation C++ Client SDK v1.7.4-520
iocRun: All initialization complete
OPC UA: Autoconnecting sessions
OPC UA session OPC2: connection status changed from Disconnected to Connected
OPC UA session OPC2: connected as 'Anonymous' (sec-mode: None; sec-policy: None)
OPC UA session OPC2: WARNING - this session uses *** NO SECURITY ***

